<?xml version="1.0" encoding="UTF-8"?>
<testng-results ignored="0" total="1" passed="1" failed="0" skipped="0">
  <reporter-output>
  </reporter-output>
  <suite started-at="2021-07-21T12:29:29 IST" name="Default suite" finished-at="2021-07-21T12:30:24 IST" duration-ms="55344">
    <groups>
    </groups>
    <test started-at="2021-07-21T12:29:29 IST" name="Default test" finished-at="2021-07-21T12:30:24 IST" duration-ms="55344">
      <class name="com.webdivers.Test1">
        <test-method signature="script1()[pri:0, instance:com.webdivers.Test1@161479c6]" started-at="2021-07-21T12:29:29 IST" name="script1" finished-at="2021-07-21T12:30:24 IST" duration-ms="54776" status="PASS">
          <reporter-output>
          </reporter-output>
        </test-method> <!-- script1 -->
      </class> <!-- com.webdivers.Test1 -->
    </test> <!-- Default test -->
  </suite> <!-- Default suite -->
</testng-results>
