<?xml version="1.0" encoding="UTF-8"?>
<testng-results ignored="0" total="1" passed="0" failed="1" skipped="0">
  <reporter-output>
  </reporter-output>
  <suite started-at="2021-05-24T15:57:54 IST" name="Default suite" finished-at="2021-05-24T15:57:58 IST" duration-ms="4459">
    <groups>
      <group name="cucumber">
        <method signature="AbstractTestNGCucumberTests.runScenario(io.cucumber.testng.PickleWrapper,io.cucumber.testng.FeatureWrapper)[pri:0, instance:runner.Run1@2c767a52]" name="runScenario" class="io.cucumber.testng.AbstractTestNGCucumberTests"/>
      </group> <!-- cucumber -->
    </groups>
    <test started-at="2021-05-24T15:57:54 IST" name="Default test" finished-at="2021-05-24T15:57:58 IST" duration-ms="4459">
      <class name="runner.Run1">
        <test-method is-config="true" signature="setUpClass()[pri:0, instance:runner.Run1@2c767a52]" started-at="2021-05-24T15:57:54 IST" name="setUpClass" finished-at="2021-05-24T15:57:56 IST" duration-ms="2100" status="PASS">
          <reporter-output>
          </reporter-output>
        </test-method> <!-- setUpClass -->
        <test-method signature="runScenario(io.cucumber.testng.PickleWrapper,io.cucumber.testng.FeatureWrapper)[pri:0, instance:runner.Run1@2c767a52]" started-at="2021-05-24T15:57:56 IST" name="runScenario" description="Runs Cucumber Scenarios" data-provider="scenarios" finished-at="2021-05-24T15:57:58 IST" duration-ms="1752" status="FAIL">
          <params>
            <param index="0">
              <value>
                <![CDATA["Test the login functionality"]]>
              </value>
            </param>
            <param index="1">
              <value>
                <![CDATA["Optional[Test the amazon application]"]]>
              </value>
            </param>
          </params>
          <exception class="io.cucumber.java.PendingException">
            <message>
              <![CDATA[TODO: implement me]]>
            </message>
            <full-stacktrace>
              <![CDATA[io.cucumber.java.PendingException: TODO: implement me
at stepdefinition.Step1.open_the_application_in_chrome_browser(Step1.java:15)
at ✽.Open the application in chrome browser(file:///C:/Users/visit/git/Testing_Project/FirstSelenium/src/test/java/Features/f1.feature:3)
]]>
            </full-stacktrace>
          </exception> <!-- io.cucumber.java.PendingException -->
          <reporter-output>
          </reporter-output>
        </test-method> <!-- runScenario -->
        <test-method is-config="true" signature="tearDownClass()[pri:0, instance:runner.Run1@2c767a52]" started-at="2021-05-24T15:57:58 IST" name="tearDownClass" finished-at="2021-05-24T15:57:58 IST" duration-ms="48" status="PASS">
          <reporter-output>
          </reporter-output>
        </test-method> <!-- tearDownClass -->
      </class> <!-- runner.Run1 -->
    </test> <!-- Default test -->
  </suite> <!-- Default suite -->
</testng-results>
